2023-11-21 03:02:00.534 [info] Log level: Info
2023-11-21 03:02:00.534 [info] Validating found git in: "git"
2023-11-21 03:02:00.534 [info] Using git "2.30.2" from "git"
2023-11-21 03:02:00.557 [info] > git rev-parse --show-toplevel [23ms]
2023-11-21 03:02:00.620 [info] > git rev-parse --git-dir --git-common-dir [51ms]
2023-11-21 03:02:00.668 [info] Open repository: /home/prasadsahoo140484
2023-11-21 03:02:00.691 [info] > git config --get commit.template [9ms]
2023-11-21 03:02:00.694 [info] > git rev-parse --show-toplevel [7ms]
2023-11-21 03:02:00.709 [info] > git rev-parse --show-toplevel [1ms]
2023-11-21 03:02:00.715 [info] > git rev-parse --show-toplevel [2ms]
2023-11-21 03:02:00.722 [info] > git rev-parse --show-toplevel [2ms]
2023-11-21 03:02:00.728 [info] > git rev-parse --show-toplevel [1ms]
2023-11-21 03:02:00.735 [info] > git rev-parse --show-toplevel [2ms]
2023-11-21 03:02:00.742 [info] > git rev-parse --show-toplevel [1ms]
2023-11-21 03:02:00.752 [info] > git rev-parse --show-toplevel [2ms]
2023-11-21 03:02:01.996 [info] > git for-each-ref --format=%(refname)%00%(upstream:short)%00%(objectname)%00%(upstream:track)%00%(upstream:remotename)%00%(upstream:remoteref) refs/heads/main refs/remotes/main [1295ms]
2023-11-21 03:02:02.008 [info] > git rev-parse --show-toplevel [1250ms]
2023-11-21 03:02:02.021 [info] > git check-ignore -v -z --stdin [28ms]
2023-11-21 03:02:02.031 [info] > git rev-parse --show-toplevel [12ms]
2023-11-21 03:02:02.116 [info] > git rev-parse --git-dir --git-common-dir [74ms]
2023-11-21 03:02:02.120 [info] Open repository: /home/prasadsahoo140484/mykubernetes
2023-11-21 03:02:02.160 [info] > git rev-parse --show-toplevel [16ms]
2023-11-21 03:02:02.161 [info] > git config --get commit.template [28ms]
2023-11-21 03:02:02.468 [info] > git status -z -uall [461ms]
2023-11-21 03:02:02.468 [info] > git for-each-ref --format=%(refname)%00%(upstream:short)%00%(objectname)%00%(upstream:track)%00%(upstream:remotename)%00%(upstream:remoteref) refs/heads/main refs/remotes/main [276ms]
2023-11-21 03:02:02.504 [info] > git rev-parse --show-toplevel [325ms]
2023-11-21 03:02:02.534 [info] > git status -z -uall [53ms]
2023-11-21 03:02:02.642 [info] > git config --get commit.template [125ms]
2023-11-21 03:02:02.765 [info] > git config --get commit.template [163ms]
2023-11-21 03:02:02.806 [info] > git for-each-ref --format=%(refname)%00%(upstream:short)%00%(objectname)%00%(upstream:track)%00%(upstream:remotename)%00%(upstream:remoteref) refs/heads/main refs/remotes/main [27ms]
2023-11-21 03:02:02.824 [info] > git for-each-ref --format=%(refname)%00%(upstream:short)%00%(objectname)%00%(upstream:track)%00%(upstream:remotename)%00%(upstream:remoteref) refs/heads/main refs/remotes/main [19ms]
2023-11-21 03:02:02.975 [info] > git status -z -uall [159ms]
2023-11-21 03:02:02.976 [info] > git status -z -uall [138ms]
2023-11-21 03:02:03.037 [info] > git check-ignore -v -z --stdin [40ms]
2023-11-21 03:02:03.038 [info] > git check-ignore -v -z --stdin [28ms]
2023-11-21 03:02:07.159 [info] > git config --get commit.template [2ms]
2023-11-21 03:02:07.173 [info] > git for-each-ref --format=%(refname)%00%(upstream:short)%00%(objectname)%00%(upstream:track)%00%(upstream:remotename)%00%(upstream:remoteref) refs/heads/main refs/remotes/main [2ms]
2023-11-21 03:02:07.209 [info] > git status -z -uall [25ms]
2023-11-21 03:02:12.243 [info] > git config --get commit.template [13ms]
2023-11-21 03:02:12.245 [info] > git for-each-ref --format=%(refname)%00%(upstream:short)%00%(objectname)%00%(upstream:track)%00%(upstream:remotename)%00%(upstream:remoteref) refs/heads/main refs/remotes/main [2ms]
2023-11-21 03:02:12.281 [info] > git status -z -uall [26ms]
2023-11-21 03:02:17.314 [info] > git config --get commit.template [12ms]
2023-11-21 03:02:17.315 [info] > git for-each-ref --format=%(refname)%00%(upstream:short)%00%(objectname)%00%(upstream:track)%00%(upstream:remotename)%00%(upstream:remoteref) refs/heads/main refs/remotes/main [2ms]
2023-11-21 03:02:17.351 [info] > git status -z -uall [26ms]
2023-11-21 03:02:22.384 [info] > git config --get commit.template [12ms]
2023-11-21 03:02:22.385 [info] > git for-each-ref --format=%(refname)%00%(upstream:short)%00%(objectname)%00%(upstream:track)%00%(upstream:remotename)%00%(upstream:remoteref) refs/heads/main refs/remotes/main [2ms]
2023-11-21 03:02:22.472 [info] > git status -z -uall [26ms]
2023-11-21 03:02:27.504 [info] > git config --get commit.template [12ms]
2023-11-21 03:02:27.505 [info] > git for-each-ref --format=%(refname)%00%(upstream:short)%00%(objectname)%00%(upstream:track)%00%(upstream:remotename)%00%(upstream:remoteref) refs/heads/main refs/remotes/main [2ms]
2023-11-21 03:02:27.541 [info] > git status -z -uall [25ms]
2023-11-21 03:02:32.563 [info] > git config --get commit.template [2ms]
2023-11-21 03:02:32.575 [info] > git for-each-ref --format=%(refname)%00%(upstream:short)%00%(objectname)%00%(upstream:track)%00%(upstream:remotename)%00%(upstream:remoteref) refs/heads/main refs/remotes/main [2ms]
2023-11-21 03:02:32.610 [info] > git status -z -uall [25ms]
2023-11-21 03:02:35.576 [info] > git show --textconv :Autoscalling1.yml [12ms]
2023-11-21 03:02:35.578 [info] > git ls-files --stage -- /home/prasadsahoo140484/Autoscalling1.yml [3ms]
2023-11-21 03:02:35.841 [info] > git check-ignore -v -z --stdin [2ms]
2023-11-21 03:02:37.687 [info] > git config --get commit.template [29ms]
2023-11-21 03:02:37.688 [info] > git for-each-ref --format=%(refname)%00%(upstream:short)%00%(objectname)%00%(upstream:track)%00%(upstream:remotename)%00%(upstream:remoteref) refs/heads/main refs/remotes/main [3ms]
2023-11-21 03:02:37.748 [info] > git status -z -uall [37ms]
2023-11-21 03:02:44.104 [info] > git config --get commit.template [11ms]
2023-11-21 03:02:44.106 [info] > git for-each-ref --format=%(refname)%00%(upstream:short)%00%(objectname)%00%(upstream:track)%00%(upstream:remotename)%00%(upstream:remoteref) refs/heads/main refs/remotes/main [2ms]
2023-11-21 03:02:44.141 [info] > git status -z -uall [26ms]
2023-11-21 03:02:49.165 [info] > git config --get commit.template [3ms]
2023-11-21 03:02:49.177 [info] > git for-each-ref --format=%(refname)%00%(upstream:short)%00%(objectname)%00%(upstream:track)%00%(upstream:remotename)%00%(upstream:remoteref) refs/heads/main refs/remotes/main [2ms]
2023-11-21 03:02:49.211 [info] > git status -z -uall [25ms]
2023-11-21 03:02:54.545 [info] > git config --get commit.template [10ms]
2023-11-21 03:02:54.546 [info] > git for-each-ref --format=%(refname)%00%(upstream:short)%00%(objectname)%00%(upstream:track)%00%(upstream:remotename)%00%(upstream:remoteref) refs/heads/main refs/remotes/main [2ms]
2023-11-21 03:02:54.581 [info] > git status -z -uall [26ms]
2023-11-21 03:19:53.965 [info] > git config --get commit.template [12ms]
2023-11-21 03:19:53.966 [info] > git for-each-ref --format=%(refname)%00%(upstream:short)%00%(objectname)%00%(upstream:track)%00%(upstream:remotename)%00%(upstream:remoteref) refs/heads/main refs/remotes/main [2ms]
2023-11-21 03:19:54.012 [info] > git status -z -uall [30ms]
